2021-05-04T00:09:56+0800 unimplemented request
2021-05-04T00:12:04+0800 requested 122.69.13.103.in-addr.arpa
2021-05-04T00:12:04+0800 unimplemented request
2021-05-04T09:01:30+0800 requested 1.comp30023
2021-05-04T09:02:17+0800 requested cloudflare.com
2021-05-04T09:02:19+0800 cloudflare.com is at 2606:4700::6810:85e5
2021-05-04T09:02:51+0800 requested 1.comp30023
2021-05-04T09:02:51+0800 unimplemented request
2021-05-04T09:58:53+0800 requested cloudflare.com
2021-05-04T09:58:55+0800 cloudflare.com is at 2606:4700::6810:85e5
2021-05-04T10:17:50+0800 requested cloudflare.com
2021-05-04T10:17:51+0800 cloudflare.com is at 2606:4700::6810:84e5
2021-05-04T10:18:19+0800 requested cloudflare.com
2021-05-04T10:18:35+0800 requested cloudflare.com
2021-05-04T10:19:55+0800 requested cloudflare.com
2021-05-04T10:21:56+0800 requested cloudflare.com
2021-05-04T10:21:56+0800 cloudflare.com is at 2606:4700::6810:84e5
2021-05-04T10:22:15+0800 requested cloudflare.com
2021-05-04T10:22:16+0800 cloudflare.com is at 2606:4700::6810:85e5
2021-05-04T10:23:19+0800 requested cloudflare.com
2021-05-04T10:23:42+0800 cloudflare.com is at 2606:4700::6810:84e5
2021-05-04T10:25:59+0800 requested cloudflare.com
2021-05-04T10:25:59+0800 cloudflare.com is at 2606:4700::6810:84e5
2021-05-04T10:45:13+0800 requested cloudflare.com
2021-05-04T10:45:13+0800 cloudflare.com is at 2606:4700::6810:85e5
2021-05-04T10:45:13+0800 requested 
2021-05-04T10:45:13+0800 unimplemented request
2021-05-04T10:45:13+0800 requested 
2021-05-04T10:45:13+0800 unimplemented request
2021-05-04T10:45:31+0800 requested cloudflare.com
2021-05-04T10:45:32+0800 cloudflare.com is at 2606:4700::6810:84e5
2021-05-04T10:45:32+0800 requested 
2021-05-04T10:45:32+0800 unimplemented request
2021-05-04T10:45:32+0800 requested 
2021-05-04T10:45:32+0800 unimplemented request
2021-05-04T10:46:15+0800 requested cloudflare.com
2021-05-04T10:46:19+0800 cloudflare.com is at 2606:4700::6810:84e5
2021-05-04T10:47:16+0800 requested 
2021-05-04T10:47:22+0800 unimplemented request
2021-05-04T10:48:03+0800 requested cloudflare.com
2021-05-04T10:48:03+0800 cloudflare.com is at 2606:4700::6810:85e5
2021-05-04T10:48:03+0800 requested 
2021-05-04T10:48:03+0800 unimplemented request
2021-05-04T10:48:03+0800 requested 
2021-05-04T10:48:03+0800 unimplemented request
2021-05-04T10:48:24+0800 requested cloudflare.com
2021-05-04T10:48:45+0800 cloudflare.com is at 2606:4700::6810:85e5
2021-05-04T10:50:57+0800 requested 
2021-05-04T10:51:01+0800 unimplemented request
2021-05-04T10:54:19+0800 requested cloudflare.com
2021-05-04T10:54:25+0800 cloudflare.com is at 2606:4700::6810:85e5
2021-05-04T10:55:07+0800 requested 
2021-05-04T10:55:09+0800 unimplemented request
2021-05-04T10:55:52+0800 requested cloudflare.com
2021-05-04T10:55:52+0800 cloudflare.com is at 2606:4700::6810:84e5
2021-05-04T10:56:16+0800 requested cloudflare.com
2021-05-04T10:56:17+0800 cloudflare.com is at 2606:4700::6810:85e5
2021-05-04T11:16:59+0800 requested cloudflare.com
2021-05-04T11:17:00+0800 cloudflare.com is at 2606:4700::6810:84e5
2021-05-04T11:23:40+0800 requested cloudflare.com
2021-05-04T11:23:40+0800 cloudflare.com is at 2606:4700::6810:84e5
2021-05-04T11:23:51+0800 requested 1.comp30023
2021-05-04T11:23:51+0800 unimplemented request
2021-05-04T11:30:46+0800 requested 1.comp30023
2021-05-04T11:30:46+0800 unimplemented request
2021-05-04T11:30:55+0800 requested cloudflare.com
2021-05-04T11:30:56+0800 cloudflare.com is at 2606:4700::6810:85e5
2021-05-04T11:41:35+0800 requested cloudflare.com
2021-05-04T11:41:36+0800 cloudflare.com is at 2606:4700::6810:84e5
2021-05-04T11:41:46+0800 requested 1.comp30023
2021-05-04T11:41:46+0800 unimplemented request
2021-05-04T23:11:22+0800 requested 1.comp30023
2021-05-04T23:11:22+0800 unimplemented request
2021-05-04T23:11:57+0800 requested 1.comp30023
2021-05-04T23:11:57+0800 unimplemented request
2021-05-04T23:12:12+0800 requested 1.comp30023
2021-05-04T23:12:12+0800 unimplemented request
2021-05-04T23:12:12+0800 requested 
2021-05-04T23:12:12+0800 unimplemented request
2021-05-04T23:12:12+0800 requested 
2021-05-04T23:12:12+0800 unimplemented request
2021-05-04T23:12:37+0800 requested 1.comp30023
2021-05-04T23:12:37+0800 unimplemented request
2021-05-04T23:14:31+0800 requested 1.comp30023
2021-05-04T23:14:31+0800 unimplemented request
2021-05-04T23:15:24+0800 requested 
2021-05-04T23:15:25+0800 unimplemented request
2021-05-04T23:16:11+0800 requested 1.comp30023
2021-05-04T23:16:11+0800 unimplemented request
2021-05-05T11:31:22+0800 requested 1.comp30023
2021-05-05T11:31:22+0800 unimplemented request
2021-05-05T11:31:36+0800 requested cloudflare.com
2021-05-05T11:35:16+0800 requested cloudflare.com
2021-05-05T11:35:16+0800 cloudflare.com is at 2606:4700::6810:84e5
2021-05-05T11:38:21+0800 requested cloudflare.com
2021-05-05T11:38:21+0800 cloudflare.com is at 2606:4700::6810:85e5
2021-05-05T11:38:39+0800 requested cloudflare.com
2021-05-05T11:38:40+0800 cloudflare.com is at 2606:4700::6810:84e5
2021-05-05T11:38:54+0800 requested 1.comp30023
2021-05-05T11:51:37+0800 requested 1.comp30023
2021-05-05T11:51:54+0800 requested cloudflare.com
2021-05-05T11:51:54+0800 cloudflare.com is at 2606:4700::6810:84e5
